<?xml version="1.0" encoding="UTF-8"?>
<!-- Generated by org.testng.reporters.JUnitReportReporter -->
<testsuite skipped="0" hostname="DESKTOP-6088UIJ" name="Selenium.Work.AppTest" tests="1" failures="0" timestamp="2020-08-27T01:44:38 IST" time="0.016" errors="0">
  <testcase name="shouldAnswerWithTrue" time="0.016" classname="Selenium.Work.AppTest"/>
  <system-out/>
</testsuite> <!-- Selenium.Work.AppTest -->
